This file contains any messages produced by compilers while
running configure, to aid debugging if configure makes a mistake.

It was created by xf86-video-mali configure 0.4.2, which was
generated by GNU Autoconf 2.69.  Invocation command line was

  $ ./configure --prefix=/usr

## --------- ##
## Platform. ##
## --------- ##

hostname = alarm
uname -m = armv7l
uname -r = 3.8.13.10-2-ARCH
uname -s = Linux
uname -v = #3 SMP PREEMPT Sun Oct 6 16:32:03 CDT 2013

/usr/bin/uname -p = unknown
/bin/uname -X     = unknown

/bin/arch              = unknown
/usr/bin/arch -k       = unknown
/usr/convex/getsysinfo = unknown
/usr/bin/hostinfo      = unknown
/bin/machine           = unknown
/usr/bin/oslevel       = unknown
/bin/universe          = unknown

PATH: /usr/local/sbin
PATH: /usr/local/bin
PATH: /usr/bin
PATH: /usr/bin/core_perl


## ----------- ##
## Core tests. ##
## ----------- ##

configure:2280: checking for a BSD-compatible install
configure:2348: result: /usr/bin/install -c
configure:2359: checking whether build environment is sane
configure:2414: result: yes
configure:2565: checking for a thread-safe mkdir -p
configure:2604: result: /usr/bin/mkdir -p
configure:2611: checking for gawk
configure:2627: found /usr/bin/gawk
configure:2638: result: gawk
configure:2649: checking whether make sets $(MAKE)
configure:2671: result: yes
configure:2700: checking whether make supports nested variables
configure:2717: result: yes
configure:2843: checking whether to enable maintainer-specific portions of Makefiles
configure:2852: result: no
configure:2890: checking for style of include used by make
configure:2918: result: GNU
configure:2989: checking for gcc
configure:3005: found /usr/bin/gcc
configure:3016: result: gcc
configure:3245: checking for C compiler version
configure:3254: gcc --version >&5
gcc (GCC) 4.8.1 20130725 (prerelease)
Copyright (C) 2013 Free Software Foundation, Inc.
This is free software; see the source for copying conditions.  There is NO
warranty; not even for MERCHANTABILITY or FITNESS FOR A PARTICULAR PURPOSE.

configure:3265: $? = 0
configure:3254: gcc -v >&5
Using built-in specs.
COLLECT_GCC=gcc
COLLECT_LTO_WRAPPER=/usr/lib/gcc/armv7l-unknown-linux-gnueabihf/4.8.1/lto-wrapper
Target: armv7l-unknown-linux-gnueabihf
Configured with: /var/built/gcc/src/gcc-4.8-20130725/configure --prefix=/usr --libdir=/usr/lib --libexecdir=/usr/lib --mandir=/usr/share/man --infodir=/usr/share/info --with-bugurl=https://github.com/archlinuxarm/PKGBUILDs/issues --enable-languages=c,c++,fortran,lto,objc,obj-c++ --enable-shared --enable-threads=posix --with-system-zlib --enable-__cxa_atexit --disable-libunwind-exceptions --enable-clocale=gnu --disable-libstdcxx-pch --enable-gnu-unique-object --enable-linker-build-id --enable-cloog-backend=isl --disable-cloog-version-check --enable-lto --enable-gold --enable-ld=default --enable-plugin --with-plugin-ld=ld.gold --with-linker-hash-style=gnu --disable-install-libiberty --disable-multilib --disable-libssp --disable-werror --enable-checking=release --host=armv7l-unknown-linux-gnueabihf --build=armv7l-unknown-linux-gnueabihf --with-arch=armv7-a --with-float=hard --with-fpu=neon
Thread model: posix
gcc version 4.8.1 20130725 (prerelease) (GCC) 
configure:3265: $? = 0
configure:3254: gcc -V >&5
gcc: error: unrecognized command line option '-V'
gcc: fatal error: no input files
compilation terminated.
configure:3265: $? = 1
configure:3254: gcc -qversion >&5
gcc: error: unrecognized command line option '-qversion'
gcc: fatal error: no input files
compilation terminated.
configure:3265: $? = 1
configure:3285: checking whether the C compiler works
configure:3307: gcc    conftest.c  >&5
configure:3311: $? = 0
configure:3359: result: yes
configure:3362: checking for C compiler default output file name
configure:3364: result: a.out
configure:3370: checking for suffix of executables
configure:3377: gcc -o conftest    conftest.c  >&5
configure:3381: $? = 0
configure:3403: result: 
configure:3425: checking whether we are cross compiling
configure:3433: gcc -o conftest    conftest.c  >&5
configure:3437: $? = 0
configure:3444: ./conftest
configure:3448: $? = 0
configure:3463: result: no
configure:3468: checking for suffix of object files
configure:3490: gcc -c   conftest.c >&5
configure:3494: $? = 0
configure:3515: result: o
configure:3519: checking whether we are using the GNU C compiler
configure:3538: gcc -c   conftest.c >&5
configure:3538: $? = 0
configure:3547: result: yes
configure:3556: checking whether gcc accepts -g
configure:3576: gcc -c -g  conftest.c >&5
configure:3576: $? = 0
configure:3617: result: yes
configure:3634: checking for gcc option to accept ISO C89
configure:3697: gcc  -c -g -O2  conftest.c >&5
configure:3697: $? = 0
configure:3710: result: none needed
configure:3735: checking whether gcc understands -c and -o together
configure:3757: gcc -c conftest.c -o conftest2.o
configure:3760: $? = 0
configure:3757: gcc -c conftest.c -o conftest2.o
configure:3760: $? = 0
configure:3772: result: yes
configure:3791: checking dependency style of gcc
configure:3902: result: gcc3
configure:3917: checking for gcc option to accept ISO C99
configure:4066: gcc  -c -g -O2  conftest.c >&5
conftest.c:61:29: error: expected ';', ',' or ')' before 'text'
 test_restrict (ccp restrict text)
                             ^
conftest.c: In function 'main':
conftest.c:115:18: error: expected '=', ',', ';', 'asm' or '__attribute__' before 'newvar'
   char *restrict newvar = "Another string";
                  ^
conftest.c:115:18: error: 'newvar' undeclared (first use in this function)
conftest.c:115:18: note: each undeclared identifier is reported only once for each function it appears in
conftest.c:125:3: error: 'for' loop initial declarations are only allowed in C99 mode
   for (int i = 0; i < ia->datasize; ++i)
   ^
conftest.c:125:3: note: use option -std=c99 or -std=gnu99 to compile your code
configure:4066: $? = 1
configure: failed program was:
| /* confdefs.h */
| #define PACKAGE_NAME "xf86-video-mali"
| #define PACKAGE_TARNAME "xf86-video-mali"
| #define PACKAGE_VERSION "0.4.2"
| #define PACKAGE_STRING "xf86-video-mali 0.4.2"
| #define PACKAGE_BUGREPORT "https://bugs.freedesktop.org/enter_bug.cgi?product=xorg"
| #define PACKAGE_URL ""
| #define PACKAGE "xf86-video-mali"
| #define VERSION "0.4.2"
| /* end confdefs.h.  */
| #include <stdarg.h>
| #include <stdbool.h>
| #include <stdlib.h>
| #include <wchar.h>
| #include <stdio.h>
| 
| // Check varargs macros.  These examples are taken from C99 6.10.3.5.
| #define debug(...) fprintf (stderr, __VA_ARGS__)
| #define showlist(...) puts (#__VA_ARGS__)
| #define report(test,...) ((test) ? puts (#test) : printf (__VA_ARGS__))
| static void
| test_varargs_macros (void)
| {
|   int x = 1234;
|   int y = 5678;
|   debug ("Flag");
|   debug ("X = %d\n", x);
|   showlist (The first, second, and third items.);
|   report (x>y, "x is %d but y is %d", x, y);
| }
| 
| // Check long long types.
| #define BIG64 18446744073709551615ull
| #define BIG32 4294967295ul
| #define BIG_OK (BIG64 / BIG32 == 4294967297ull && BIG64 % BIG32 == 0)
| #if !BIG_OK
|   your preprocessor is broken;
| #endif
| #if BIG_OK
| #else
|   your preprocessor is broken;
| #endif
| static long long int bignum = -9223372036854775807LL;
| static unsigned long long int ubignum = BIG64;
| 
| struct incomplete_array
| {
|   int datasize;
|   double data[];
| };
| 
| struct named_init {
|   int number;
|   const wchar_t *name;
|   double average;
| };
| 
| typedef const char *ccp;
| 
| static inline int
| test_restrict (ccp restrict text)
| {
|   // See if C++-style comments work.
|   // Iterate through items via the restricted pointer.
|   // Also check for declarations in for loops.
|   for (unsigned int i = 0; *(text+i) != '\0'; ++i)
|     continue;
|   return 0;
| }
| 
| // Check varargs and va_copy.
| static void
| test_varargs (const char *format, ...)
| {
|   va_list args;
|   va_start (args, format);
|   va_list args_copy;
|   va_copy (args_copy, args);
| 
|   const char *str;
|   int number;
|   float fnumber;
| 
|   while (*format)
|     {
|       switch (*format++)
| 	{
| 	case 's': // string
| 	  str = va_arg (args_copy, const char *);
| 	  break;
| 	case 'd': // int
| 	  number = va_arg (args_copy, int);
| 	  break;
| 	case 'f': // float
| 	  fnumber = va_arg (args_copy, double);
| 	  break;
| 	default:
| 	  break;
| 	}
|     }
|   va_end (args_copy);
|   va_end (args);
| }
| 
| int
| main ()
| {
| 
|   // Check bool.
|   _Bool success = false;
| 
|   // Check restrict.
|   if (test_restrict ("String literal") == 0)
|     success = true;
|   char *restrict newvar = "Another string";
| 
|   // Check varargs.
|   test_varargs ("s, d' f .", "string", 65, 34.234);
|   test_varargs_macros ();
| 
|   // Check flexible array members.
|   struct incomplete_array *ia =
|     malloc (sizeof (struct incomplete_array) + (sizeof (double) * 10));
|   ia->datasize = 10;
|   for (int i = 0; i < ia->datasize; ++i)
|     ia->data[i] = i * 1.234;
| 
|   // Check named initializers.
|   struct named_init ni = {
|     .number = 34,
|     .name = L"Test wide string",
|     .average = 543.34343,
|   };
| 
|   ni.number = 58;
| 
|   int dynamic_array[ni.number];
|   dynamic_array[ni.number - 1] = 543;
| 
|   // work around unused variable warnings
|   return (!success || bignum == 0LL || ubignum == 0uLL || newvar[0] == 'x'
| 	  || dynamic_array[ni.number - 1] != 543);
| 
|   ;
|   return 0;
| }
configure:4066: gcc -std=gnu99 -c -g -O2  conftest.c >&5
configure:4066: $? = 0
configure:4086: result: -std=gnu99
configure:4100: checking how to run the C preprocessor
configure:4131: gcc -std=gnu99 -E  conftest.c
configure:4131: $? = 0
configure:4145: gcc -std=gnu99 -E  conftest.c
conftest.c:11:28: fatal error: ac_nonexistent.h: No such file or directory
 #include <ac_nonexistent.h>
                            ^
compilation terminated.
configure:4145: $? = 1
configure: failed program was:
| /* confdefs.h */
| #define PACKAGE_NAME "xf86-video-mali"
| #define PACKAGE_TARNAME "xf86-video-mali"
| #define PACKAGE_VERSION "0.4.2"
| #define PACKAGE_STRING "xf86-video-mali 0.4.2"
| #define PACKAGE_BUGREPORT "https://bugs.freedesktop.org/enter_bug.cgi?product=xorg"
| #define PACKAGE_URL ""
| #define PACKAGE "xf86-video-mali"
| #define VERSION "0.4.2"
| /* end confdefs.h.  */
| #include <ac_nonexistent.h>
configure:4170: result: gcc -std=gnu99 -E
configure:4190: gcc -std=gnu99 -E  conftest.c
configure:4190: $? = 0
configure:4204: gcc -std=gnu99 -E  conftest.c
conftest.c:11:28: fatal error: ac_nonexistent.h: No such file or directory
 #include <ac_nonexistent.h>
                            ^
compilation terminated.
configure:4204: $? = 1
configure: failed program was:
| /* confdefs.h */
| #define PACKAGE_NAME "xf86-video-mali"
| #define PACKAGE_TARNAME "xf86-video-mali"
| #define PACKAGE_VERSION "0.4.2"
| #define PACKAGE_STRING "xf86-video-mali 0.4.2"
| #define PACKAGE_BUGREPORT "https://bugs.freedesktop.org/enter_bug.cgi?product=xorg"
| #define PACKAGE_URL ""
| #define PACKAGE "xf86-video-mali"
| #define VERSION "0.4.2"
| /* end confdefs.h.  */
| #include <ac_nonexistent.h>
configure:4233: checking for grep that handles long lines and -e
configure:4291: result: /usr/bin/grep
configure:4296: checking for egrep
configure:4358: result: /usr/bin/grep -E
configure:4363: checking for ANSI C header files
configure:4383: gcc -std=gnu99 -c -g -O2  conftest.c >&5
configure:4383: $? = 0
configure:4456: gcc -std=gnu99 -o conftest -g -O2   conftest.c  >&5
configure:4456: $? = 0
configure:4456: ./conftest
configure:4456: $? = 0
configure:4467: result: yes
configure:4480: checking for sys/types.h
configure:4480: gcc -std=gnu99 -c -g -O2  conftest.c >&5
configure:4480: $? = 0
configure:4480: result: yes
configure:4480: checking for sys/stat.h
configure:4480: gcc -std=gnu99 -c -g -O2  conftest.c >&5
configure:4480: $? = 0
configure:4480: result: yes
configure:4480: checking for stdlib.h
configure:4480: gcc -std=gnu99 -c -g -O2  conftest.c >&5
configure:4480: $? = 0
configure:4480: result: yes
configure:4480: checking for string.h
configure:4480: gcc -std=gnu99 -c -g -O2  conftest.c >&5
configure:4480: $? = 0
configure:4480: result: yes
configure:4480: checking for memory.h
configure:4480: gcc -std=gnu99 -c -g -O2  conftest.c >&5
configure:4480: $? = 0
configure:4480: result: yes
configure:4480: checking for strings.h
configure:4480: gcc -std=gnu99 -c -g -O2  conftest.c >&5
configure:4480: $? = 0
configure:4480: result: yes
configure:4480: checking for inttypes.h
configure:4480: gcc -std=gnu99 -c -g -O2  conftest.c >&5
configure:4480: $? = 0
configure:4480: result: yes
configure:4480: checking for stdint.h
configure:4480: gcc -std=gnu99 -c -g -O2  conftest.c >&5
configure:4480: $? = 0
configure:4480: result: yes
configure:4480: checking for unistd.h
configure:4480: gcc -std=gnu99 -c -g -O2  conftest.c >&5
configure:4480: $? = 0
configure:4480: result: yes
configure:4496: checking whether __clang__ is declared
configure:4496: gcc -std=gnu99 -c -g -O2  conftest.c >&5
conftest.c: In function 'main':
conftest.c:61:10: error: '__clang__' undeclared (first use in this function)
   (void) __clang__;
          ^
conftest.c:61:10: note: each undeclared identifier is reported only once for each function it appears in
configure:4496: $? = 1
configure: failed program was:
| /* confdefs.h */
| #define PACKAGE_NAME "xf86-video-mali"
| #define PACKAGE_TARNAME "xf86-video-mali"
| #define PACKAGE_VERSION "0.4.2"
| #define PACKAGE_STRING "xf86-video-mali 0.4.2"
| #define PACKAGE_BUGREPORT "https://bugs.freedesktop.org/enter_bug.cgi?product=xorg"
| #define PACKAGE_URL ""
| #define PACKAGE "xf86-video-mali"
| #define VERSION "0.4.2"
| #define STDC_HEADERS 1
| #define HAVE_SYS_TYPES_H 1
| #define HAVE_SYS_STAT_H 1
| #define HAVE_STDLIB_H 1
| #define HAVE_STRING_H 1
| #define HAVE_MEMORY_H 1
| #define HAVE_STRINGS_H 1
| #define HAVE_INTTYPES_H 1
| #define HAVE_STDINT_H 1
| #define HAVE_UNISTD_H 1
| /* end confdefs.h.  */
| #include <stdio.h>
| #ifdef HAVE_SYS_TYPES_H
| # include <sys/types.h>
| #endif
| #ifdef HAVE_SYS_STAT_H
| # include <sys/stat.h>
| #endif
| #ifdef STDC_HEADERS
| # include <stdlib.h>
| # include <stddef.h>
| #else
| # ifdef HAVE_STDLIB_H
| #  include <stdlib.h>
| # endif
| #endif
| #ifdef HAVE_STRING_H
| # if !defined STDC_HEADERS && defined HAVE_MEMORY_H
| #  include <memory.h>
| # endif
| # include <string.h>
| #endif
| #ifdef HAVE_STRINGS_H
| # include <strings.h>
| #endif
| #ifdef HAVE_INTTYPES_H
| # include <inttypes.h>
| #endif
| #ifdef HAVE_STDINT_H
| # include <stdint.h>
| #endif
| #ifdef HAVE_UNISTD_H
| # include <unistd.h>
| #endif
| int
| main ()
| {
| #ifndef __clang__
| #ifdef __cplusplus
|   (void) __clang__;
| #else
|   (void) __clang__;
| #endif
| #endif
| 
|   ;
|   return 0;
| }
configure:4496: result: no
configure:4503: checking whether __INTEL_COMPILER is declared
configure:4503: gcc -std=gnu99 -c -g -O2  conftest.c >&5
conftest.c: In function 'main':
conftest.c:61:10: error: '__INTEL_COMPILER' undeclared (first use in this function)
   (void) __INTEL_COMPILER;
          ^
conftest.c:61:10: note: each undeclared identifier is reported only once for each function it appears in
configure:4503: $? = 1
configure: failed program was:
| /* confdefs.h */
| #define PACKAGE_NAME "xf86-video-mali"
| #define PACKAGE_TARNAME "xf86-video-mali"
| #define PACKAGE_VERSION "0.4.2"
| #define PACKAGE_STRING "xf86-video-mali 0.4.2"
| #define PACKAGE_BUGREPORT "https://bugs.freedesktop.org/enter_bug.cgi?product=xorg"
| #define PACKAGE_URL ""
| #define PACKAGE "xf86-video-mali"
| #define VERSION "0.4.2"
| #define STDC_HEADERS 1
| #define HAVE_SYS_TYPES_H 1
| #define HAVE_SYS_STAT_H 1
| #define HAVE_STDLIB_H 1
| #define HAVE_STRING_H 1
| #define HAVE_MEMORY_H 1
| #define HAVE_STRINGS_H 1
| #define HAVE_INTTYPES_H 1
| #define HAVE_STDINT_H 1
| #define HAVE_UNISTD_H 1
| /* end confdefs.h.  */
| #include <stdio.h>
| #ifdef HAVE_SYS_TYPES_H
| # include <sys/types.h>
| #endif
| #ifdef HAVE_SYS_STAT_H
| # include <sys/stat.h>
| #endif
| #ifdef STDC_HEADERS
| # include <stdlib.h>
| # include <stddef.h>
| #else
| # ifdef HAVE_STDLIB_H
| #  include <stdlib.h>
| # endif
| #endif
| #ifdef HAVE_STRING_H
| # if !defined STDC_HEADERS && defined HAVE_MEMORY_H
| #  include <memory.h>
| # endif
| # include <string.h>
| #endif
| #ifdef HAVE_STRINGS_H
| # include <strings.h>
| #endif
| #ifdef HAVE_INTTYPES_H
| # include <inttypes.h>
| #endif
| #ifdef HAVE_STDINT_H
| # include <stdint.h>
| #endif
| #ifdef HAVE_UNISTD_H
| # include <unistd.h>
| #endif
| int
| main ()
| {
| #ifndef __INTEL_COMPILER
| #ifdef __cplusplus
|   (void) __INTEL_COMPILER;
| #else
|   (void) __INTEL_COMPILER;
| #endif
| #endif
| 
|   ;
|   return 0;
| }
configure:4503: result: no
configure:4510: checking whether __SUNPRO_C is declared
configure:4510: gcc -std=gnu99 -c -g -O2  conftest.c >&5
conftest.c: In function 'main':
conftest.c:61:10: error: '__SUNPRO_C' undeclared (first use in this function)
   (void) __SUNPRO_C;
          ^
conftest.c:61:10: note: each undeclared identifier is reported only once for each function it appears in
configure:4510: $? = 1
configure: failed program was:
| /* confdefs.h */
| #define PACKAGE_NAME "xf86-video-mali"
| #define PACKAGE_TARNAME "xf86-video-mali"
| #define PACKAGE_VERSION "0.4.2"
| #define PACKAGE_STRING "xf86-video-mali 0.4.2"
| #define PACKAGE_BUGREPORT "https://bugs.freedesktop.org/enter_bug.cgi?product=xorg"
| #define PACKAGE_URL ""
| #define PACKAGE "xf86-video-mali"
| #define VERSION "0.4.2"
| #define STDC_HEADERS 1
| #define HAVE_SYS_TYPES_H 1
| #define HAVE_SYS_STAT_H 1
| #define HAVE_STDLIB_H 1
| #define HAVE_STRING_H 1
| #define HAVE_MEMORY_H 1
| #define HAVE_STRINGS_H 1
| #define HAVE_INTTYPES_H 1
| #define HAVE_STDINT_H 1
| #define HAVE_UNISTD_H 1
| /* end confdefs.h.  */
| #include <stdio.h>
| #ifdef HAVE_SYS_TYPES_H
| # include <sys/types.h>
| #endif
| #ifdef HAVE_SYS_STAT_H
| # include <sys/stat.h>
| #endif
| #ifdef STDC_HEADERS
| # include <stdlib.h>
| # include <stddef.h>
| #else
| # ifdef HAVE_STDLIB_H
| #  include <stdlib.h>
| # endif
| #endif
| #ifdef HAVE_STRING_H
| # if !defined STDC_HEADERS && defined HAVE_MEMORY_H
| #  include <memory.h>
| # endif
| # include <string.h>
| #endif
| #ifdef HAVE_STRINGS_H
| # include <strings.h>
| #endif
| #ifdef HAVE_INTTYPES_H
| # include <inttypes.h>
| #endif
| #ifdef HAVE_STDINT_H
| # include <stdint.h>
| #endif
| #ifdef HAVE_UNISTD_H
| # include <unistd.h>
| #endif
| int
| main ()
| {
| #ifndef __SUNPRO_C
| #ifdef __cplusplus
|   (void) __SUNPRO_C;
| #else
|   (void) __SUNPRO_C;
| #endif
| #endif
| 
|   ;
|   return 0;
| }
configure:4510: result: no
configure:4572: checking for pkg-config
configure:4590: found /usr/bin/pkg-config
configure:4602: result: /usr/bin/pkg-config
configure:4627: checking pkg-config is at least version 0.9.0
configure:4630: result: yes
configure:4642: checking build system type
configure:4656: result: armv7l-unknown-linux-gnueabihf
configure:4676: checking host system type
configure:4689: result: armv7l-unknown-linux-gnueabihf
configure:4709: checking for a sed that does not truncate output
configure:4773: result: /usr/bin/sed
configure:4819: checking if gcc -std=gnu99 supports -Werror=unknown-warning-option
configure:4828: gcc -std=gnu99 -c -g -O2 -Werror=unknown-warning-option  conftest.c >&5
cc1: error: -Werror=unknown-warning-option: no option -Wunknown-warning-option
configure:4828: $? = 1
configure: failed program was:
| /* confdefs.h */
| #define PACKAGE_NAME "xf86-video-mali"
| #define PACKAGE_TARNAME "xf86-video-mali"
| #define PACKAGE_VERSION "0.4.2"
| #define PACKAGE_STRING "xf86-video-mali 0.4.2"
| #define PACKAGE_BUGREPORT "https://bugs.freedesktop.org/enter_bug.cgi?product=xorg"
| #define PACKAGE_URL ""
| #define PACKAGE "xf86-video-mali"
| #define VERSION "0.4.2"
| #define STDC_HEADERS 1
| #define HAVE_SYS_TYPES_H 1
| #define HAVE_SYS_STAT_H 1
| #define HAVE_STDLIB_H 1
| #define HAVE_STRING_H 1
| #define HAVE_MEMORY_H 1
| #define HAVE_STRINGS_H 1
| #define HAVE_INTTYPES_H 1
| #define HAVE_STDINT_H 1
| #define HAVE_UNISTD_H 1
| /* end confdefs.h.  */
| int i;
configure:4835: result: no
configure:4846: checking if gcc -std=gnu99 supports -Werror=unused-command-line-argument
configure:4855: gcc -std=gnu99 -c -g -O2 -Werror=unused-command-line-argument  conftest.c >&5
cc1: error: -Werror=unused-command-line-argument: no option -Wunused-command-line-argument
configure:4855: $? = 1
configure: failed program was:
| /* confdefs.h */
| #define PACKAGE_NAME "xf86-video-mali"
| #define PACKAGE_TARNAME "xf86-video-mali"
| #define PACKAGE_VERSION "0.4.2"
| #define PACKAGE_STRING "xf86-video-mali 0.4.2"
| #define PACKAGE_BUGREPORT "https://bugs.freedesktop.org/enter_bug.cgi?product=xorg"
| #define PACKAGE_URL ""
| #define PACKAGE "xf86-video-mali"
| #define VERSION "0.4.2"
| #define STDC_HEADERS 1
| #define HAVE_SYS_TYPES_H 1
| #define HAVE_SYS_STAT_H 1
| #define HAVE_STDLIB_H 1
| #define HAVE_STRING_H 1
| #define HAVE_MEMORY_H 1
| #define HAVE_STRINGS_H 1
| #define HAVE_INTTYPES_H 1
| #define HAVE_STDINT_H 1
| #define HAVE_UNISTD_H 1
| /* end confdefs.h.  */
| int i;
configure:4862: result: no
configure:4881: checking if gcc -std=gnu99 supports -Wall
configure:4898: gcc -std=gnu99 -o conftest -g -O2 -Wall   conftest.c  >&5
configure:4898: $? = 0
configure:4911: result: yes
configure:4999: checking if gcc -std=gnu99 supports -Wpointer-arith
configure:5016: gcc -std=gnu99 -o conftest -g -O2 -Wpointer-arith   conftest.c  >&5
configure:5016: $? = 0
configure:5029: result: yes
configure:5117: checking if gcc -std=gnu99 supports -Wmissing-declarations
configure:5134: gcc -std=gnu99 -o conftest -g -O2 -Wmissing-declarations   conftest.c  >&5
configure:5134: $? = 0
configure:5147: result: yes
configure:5235: checking if gcc -std=gnu99 supports -Wformat=2
configure:5252: gcc -std=gnu99 -o conftest -g -O2 -Wformat=2   conftest.c  >&5
configure:5252: $? = 0
configure:5265: result: yes
configure:5404: checking if gcc -std=gnu99 supports -Wstrict-prototypes
configure:5421: gcc -std=gnu99 -o conftest -g -O2 -Wstrict-prototypes   conftest.c  >&5
conftest.c:23:1: warning: function declaration isn't a prototype [-Wstrict-prototypes]
 main ()
 ^
configure:5421: $? = 0
configure:5434: result: yes
configure:5522: checking if gcc -std=gnu99 supports -Wmissing-prototypes
configure:5539: gcc -std=gnu99 -o conftest -g -O2 -Wmissing-prototypes   conftest.c  >&5
configure:5539: $? = 0
configure:5552: result: yes
configure:5640: checking if gcc -std=gnu99 supports -Wnested-externs
configure:5657: gcc -std=gnu99 -o conftest -g -O2 -Wnested-externs   conftest.c  >&5
configure:5657: $? = 0
configure:5670: result: yes
configure:5758: checking if gcc -std=gnu99 supports -Wbad-function-cast
configure:5775: gcc -std=gnu99 -o conftest -g -O2 -Wbad-function-cast   conftest.c  >&5
configure:5775: $? = 0
configure:5788: result: yes
configure:5876: checking if gcc -std=gnu99 supports -Wold-style-definition
configure:5893: gcc -std=gnu99 -o conftest -g -O2 -Wold-style-definition   conftest.c  >&5
conftest.c: In function 'main':
conftest.c:23:1: warning: old-style function definition [-Wold-style-definition]
 main ()
 ^
configure:5893: $? = 0
configure:5906: result: yes
configure:5994: checking if gcc -std=gnu99 supports -Wdeclaration-after-statement
configure:6011: gcc -std=gnu99 -o conftest -g -O2 -Wdeclaration-after-statement   conftest.c  >&5
configure:6011: $? = 0
configure:6024: result: yes
configure:6116: checking if gcc -std=gnu99 supports -Wunused
configure:6133: gcc -std=gnu99 -o conftest -g -O2 -Wunused   conftest.c  >&5
configure:6133: $? = 0
configure:6146: result: yes
configure:6234: checking if gcc -std=gnu99 supports -Wuninitialized
configure:6251: gcc -std=gnu99 -o conftest -g -O2 -Wuninitialized   conftest.c  >&5
configure:6251: $? = 0
configure:6264: result: yes
configure:6352: checking if gcc -std=gnu99 supports -Wshadow
configure:6369: gcc -std=gnu99 -o conftest -g -O2 -Wshadow   conftest.c  >&5
configure:6369: $? = 0
configure:6382: result: yes
configure:6470: checking if gcc -std=gnu99 supports -Wcast-qual
configure:6487: gcc -std=gnu99 -o conftest -g -O2 -Wcast-qual   conftest.c  >&5
configure:6487: $? = 0
configure:6500: result: yes
configure:6588: checking if gcc -std=gnu99 supports -Wmissing-noreturn
configure:6605: gcc -std=gnu99 -o conftest -g -O2 -Wmissing-noreturn   conftest.c  >&5
configure:6605: $? = 0
configure:6618: result: yes
configure:6706: checking if gcc -std=gnu99 supports -Wmissing-format-attribute
configure:6723: gcc -std=gnu99 -o conftest -g -O2 -Wmissing-format-attribute   conftest.c  >&5
configure:6723: $? = 0
configure:6736: result: yes
configure:6824: checking if gcc -std=gnu99 supports -Wredundant-decls
configure:6841: gcc -std=gnu99 -o conftest -g -O2 -Wredundant-decls   conftest.c  >&5
configure:6841: $? = 0
configure:6854: result: yes
configure:6954: checking if gcc -std=gnu99 supports -Werror=implicit
configure:6971: gcc -std=gnu99 -o conftest -g -O2 -Werror=implicit   conftest.c  >&5
configure:6971: $? = 0
configure:6984: result: yes
configure:7121: checking if gcc -std=gnu99 supports -Werror=nonnull
configure:7138: gcc -std=gnu99 -o conftest -g -O2 -Werror=nonnull   conftest.c  >&5
configure:7138: $? = 0
configure:7151: result: yes
configure:7239: checking if gcc -std=gnu99 supports -Werror=init-self
configure:7256: gcc -std=gnu99 -o conftest -g -O2 -Werror=init-self   conftest.c  >&5
configure:7256: $? = 0
configure:7269: result: yes
configure:7357: checking if gcc -std=gnu99 supports -Werror=main
configure:7374: gcc -std=gnu99 -o conftest -g -O2 -Werror=main   conftest.c  >&5
configure:7374: $? = 0
configure:7387: result: yes
configure:7475: checking if gcc -std=gnu99 supports -Werror=missing-braces
configure:7492: gcc -std=gnu99 -o conftest -g -O2 -Werror=missing-braces   conftest.c  >&5
configure:7492: $? = 0
configure:7505: result: yes
configure:7593: checking if gcc -std=gnu99 supports -Werror=sequence-point
configure:7610: gcc -std=gnu99 -o conftest -g -O2 -Werror=sequence-point   conftest.c  >&5
configure:7610: $? = 0
configure:7623: result: yes
configure:7711: checking if gcc -std=gnu99 supports -Werror=return-type
configure:7728: gcc -std=gnu99 -o conftest -g -O2 -Werror=return-type   conftest.c  >&5
configure:7728: $? = 0
configure:7741: result: yes
configure:7878: checking if gcc -std=gnu99 supports -Werror=trigraphs
configure:7895: gcc -std=gnu99 -o conftest -g -O2 -Werror=trigraphs   conftest.c  >&5
configure:7895: $? = 0
configure:7908: result: yes
configure:7996: checking if gcc -std=gnu99 supports -Werror=array-bounds
configure:8013: gcc -std=gnu99 -o conftest -g -O2 -Werror=array-bounds   conftest.c  >&5
configure:8013: $? = 0
configure:8026: result: yes
configure:8114: checking if gcc -std=gnu99 supports -Werror=write-strings
configure:8131: gcc -std=gnu99 -o conftest -g -O2 -Werror=write-strings   conftest.c  >&5
configure:8131: $? = 0
configure:8144: result: yes
configure:8232: checking if gcc -std=gnu99 supports -Werror=address
configure:8249: gcc -std=gnu99 -o conftest -g -O2 -Werror=address   conftest.c  >&5
configure:8249: $? = 0
configure:8262: result: yes
configure:8350: checking if gcc -std=gnu99 supports -Werror=int-to-pointer-cast
configure:8367: gcc -std=gnu99 -o conftest -g -O2 -Werror=int-to-pointer-cast   conftest.c  >&5
configure:8367: $? = 0
configure:8380: result: yes
configure:8517: checking if gcc -std=gnu99 supports -Werror=pointer-to-int-cast
configure:8534: gcc -std=gnu99 -o conftest -g -O2 -Werror=pointer-to-int-cast   conftest.c  >&5
configure:8534: $? = 0
configure:8547: result: yes
configure:10205: checking if gcc -std=gnu99 supports -pedantic
configure:10222: gcc -std=gnu99 -o conftest -g -O2 -pedantic   conftest.c  >&5
configure:10222: $? = 0
configure:10235: result: yes
configure:10323: checking if gcc -std=gnu99 supports -Werror
configure:10340: gcc -std=gnu99 -o conftest -g -O2 -Werror   conftest.c  >&5
configure:10340: $? = 0
configure:10353: result: yes
configure:10493: checking if gcc -std=gnu99 supports -Werror=attributes
configure:10510: gcc -std=gnu99 -o conftest -g -O2 -Werror=attributes   conftest.c  >&5
configure:10510: $? = 0
configure:10523: result: yes
configure:10683: checking whether make supports nested variables
configure:10700: result: yes
configure:10791: checking how to print strings
configure:10818: result: printf
configure:10839: checking for a sed that does not truncate output
configure:10903: result: /usr/bin/sed
configure:10921: checking for fgrep
configure:10983: result: /usr/bin/grep -F
configure:11018: checking for ld used by gcc -std=gnu99
configure:11085: result: /usr/bin/ld
configure:11092: checking if the linker (/usr/bin/ld) is GNU ld
configure:11107: result: yes
configure:11119: checking for BSD- or MS-compatible name lister (nm)
configure:11168: result: /usr/bin/nm -B
configure:11298: checking the name lister (/usr/bin/nm -B) interface
configure:11305: gcc -std=gnu99 -c -g -O2  conftest.c >&5
configure:11308: /usr/bin/nm -B "conftest.o"
configure:11311: output
00000000 B some_variable
configure:11318: result: BSD nm
configure:11321: checking whether ln -s works
configure:11325: result: yes
configure:11333: checking the maximum length of command line arguments
configure:11463: result: 1572864
configure:11480: checking whether the shell understands some XSI constructs
configure:11490: result: yes
configure:11494: checking whether the shell understands "+="
configure:11500: result: yes
configure:11535: checking how to convert armv7l-unknown-linux-gnueabihf file names to armv7l-unknown-linux-gnueabihf format
configure:11575: result: func_convert_file_noop
configure:11582: checking how to convert armv7l-unknown-linux-gnueabihf file names to toolchain format
configure:11602: result: func_convert_file_noop
configure:11609: checking for /usr/bin/ld option to reload object files
configure:11616: result: -r
configure:11690: checking for objdump
configure:11706: found /usr/bin/objdump
configure:11717: result: objdump
configure:11749: checking how to recognize dependent libraries
configure:11951: result: pass_all
configure:12036: checking for dlltool
configure:12066: result: no
configure:12096: checking how to associate runtime and link libraries
configure:12123: result: printf %s\n
configure:12183: checking for ar
configure:12199: found /usr/bin/ar
configure:12210: result: ar
configure:12247: checking for archiver @FILE support
configure:12264: gcc -std=gnu99 -c -g -O2  conftest.c >&5
configure:12264: $? = 0
configure:12267: ar cru libconftest.a @conftest.lst >&5
configure:12270: $? = 0
configure:12275: ar cru libconftest.a @conftest.lst >&5
ar: conftest.o: No such file or directory
configure:12278: $? = 1
configure:12290: result: @
configure:12348: checking for strip
configure:12364: found /usr/bin/strip
configure:12375: result: strip
configure:12447: checking for ranlib
configure:12463: found /usr/bin/ranlib
configure:12474: result: ranlib
configure:12576: checking command to parse /usr/bin/nm -B output from gcc -std=gnu99 object
configure:12696: gcc -std=gnu99 -c -g -O2  conftest.c >&5
configure:12699: $? = 0
configure:12703: /usr/bin/nm -B conftest.o \| sed -n -e 's/^.*[ ]\([ABCDGIRSTW][ABCDGIRSTW]*\)[ ][ ]*\([_A-Za-z][_A-Za-z0-9]*\)$/\1 \2 \2/p' | sed '/ __gnu_lto/d' \> conftest.nm
configure:12706: $? = 0
configure:12772: gcc -std=gnu99 -o conftest -g -O2   conftest.c conftstm.o >&5
configure:12775: $? = 0
configure:12813: result: ok
configure:12850: checking for sysroot
configure:12880: result: no
configure:13136: checking for mt
configure:13166: result: no
configure:13186: checking if : is a manifest tool
configure:13192: : '-?'
configure:13200: result: no
configure:13839: checking for dlfcn.h
configure:13839: gcc -std=gnu99 -c -g -O2  conftest.c >&5
configure:13839: $? = 0
configure:13839: result: yes
configure:14015: checking for objdir
configure:14030: result: .libs
configure:14297: checking if gcc -std=gnu99 supports -fno-rtti -fno-exceptions
configure:14315: gcc -std=gnu99 -c -g -O2  -fno-rtti -fno-exceptions conftest.c >&5
cc1: warning: command line option '-fno-rtti' is valid for C++/ObjC++ but not for C [enabled by default]
configure:14319: $? = 0
configure:14332: result: no
configure:14659: checking for gcc -std=gnu99 option to produce PIC
configure:14666: result: -fPIC -DPIC
configure:14674: checking if gcc -std=gnu99 PIC flag -fPIC -DPIC works
configure:14692: gcc -std=gnu99 -c -g -O2  -fPIC -DPIC -DPIC conftest.c >&5
configure:14696: $? = 0
configure:14709: result: yes
configure:14738: checking if gcc -std=gnu99 static flag -static works
configure:14766: result: yes
configure:14781: checking if gcc -std=gnu99 supports -c -o file.o
configure:14802: gcc -std=gnu99 -c -g -O2  -o out/conftest2.o conftest.c >&5
configure:14806: $? = 0
configure:14828: result: yes
configure:14836: checking if gcc -std=gnu99 supports -c -o file.o
configure:14883: result: yes
configure:14916: checking whether the gcc -std=gnu99 linker (/usr/bin/ld) supports shared libraries
configure:16069: result: yes
configure:16106: checking whether -lc should be explicitly linked in
configure:16114: gcc -std=gnu99 -c -g -O2  conftest.c >&5
configure:16117: $? = 0
configure:16132: gcc -std=gnu99 -shared  -fPIC -DPIC conftest.o  -v -Wl,-soname -Wl,conftest -o conftest 2\>\&1 \| /usr/bin/grep  -lc  \>/dev/null 2\>\&1
configure:16135: $? = 0
configure:16149: result: no
configure:16309: checking dynamic linker characteristics
configure:16820: gcc -std=gnu99 -o conftest -g -O2   -Wl,-rpath -Wl,/foo conftest.c  >&5
configure:16820: $? = 0
configure:17042: result: GNU/Linux ld.so
configure:17149: checking how to hardcode library paths into programs
configure:17174: result: immediate
configure:17714: checking whether stripping libraries is possible
configure:17719: result: yes
configure:17754: checking if libtool supports shared libraries
configure:17756: result: yes
configure:17759: checking whether to build shared libraries
configure:17780: result: yes
configure:17783: checking whether to build static libraries
configure:17787: result: no
configure:17865: gcc -std=gnu99 -c -g -O2 -I/usr/include/xorg  conftest.c >&5
configure:17865: $? = 0
configure:17872: checking if RANDR is defined
configure:17874: result: yes
configure:17900: gcc -std=gnu99 -c -g -O2 -I/usr/include/xorg  conftest.c >&5
configure:17900: $? = 0
configure:17907: checking if RENDER is defined
configure:17909: result: yes
configure:17935: gcc -std=gnu99 -c -g -O2 -I/usr/include/xorg  conftest.c >&5
configure:17935: $? = 0
configure:17942: checking if XV is defined
configure:17944: result: yes
configure:17954: checking for XORG
configure:17961: $PKG_CONFIG --exists --print-errors "xorg-server >= 1.0.99.901 xproto fontsproto $REQUIRED_MODULES"
configure:17964: $? = 0
configure:17978: $PKG_CONFIG --exists --print-errors "xorg-server >= 1.0.99.901 xproto fontsproto $REQUIRED_MODULES"
configure:17981: $? = 0
configure:18039: result: yes
configure:18046: checking whether xf86ConfigIsaEntity is declared
configure:18046: gcc -std=gnu99 -c -fvisibility=hidden -I/usr/include/xorg -I/usr/include/pixman-1 -I/usr/include/X11/dri -I/usr/include/libdrm   conftest.c >&5
conftest.c: In function 'main':
conftest.c:35:10: error: 'xf86ConfigIsaEntity' undeclared (first use in this function)
   (void) xf86ConfigIsaEntity;
          ^
conftest.c:35:10: note: each undeclared identifier is reported only once for each function it appears in
configure:18046: $? = 1
configure: failed program was:
| /* confdefs.h */
| #define PACKAGE_NAME "xf86-video-mali"
| #define PACKAGE_TARNAME "xf86-video-mali"
| #define PACKAGE_VERSION "0.4.2"
| #define PACKAGE_STRING "xf86-video-mali 0.4.2"
| #define PACKAGE_BUGREPORT "https://bugs.freedesktop.org/enter_bug.cgi?product=xorg"
| #define PACKAGE_URL ""
| #define PACKAGE "xf86-video-mali"
| #define VERSION "0.4.2"
| #define STDC_HEADERS 1
| #define HAVE_SYS_TYPES_H 1
| #define HAVE_SYS_STAT_H 1
| #define HAVE_STDLIB_H 1
| #define HAVE_STRING_H 1
| #define HAVE_MEMORY_H 1
| #define HAVE_STRINGS_H 1
| #define HAVE_INTTYPES_H 1
| #define HAVE_STDINT_H 1
| #define HAVE_UNISTD_H 1
| #define PACKAGE_VERSION_MAJOR 0
| #define PACKAGE_VERSION_MINOR 4
| #define PACKAGE_VERSION_PATCHLEVEL 2
| #define HAVE_DLFCN_H 1
| #define LT_OBJDIR ".libs/"
| /* end confdefs.h.  */
| #include "xf86.h"
| 
| int
| main ()
| {
| #ifndef xf86ConfigIsaEntity
| #ifdef __cplusplus
|   (void) xf86ConfigIsaEntity;
| #else
|   (void) xf86ConfigIsaEntity;
| #endif
| #endif
| 
|   ;
|   return 0;
| }
configure:18046: result: no
configure:18281: checking that generated files are newer than configure
configure:18287: result: done
configure:18318: creating ./config.status

## ---------------------- ##
## Running config.status. ##
## ---------------------- ##

This file was extended by xf86-video-mali config.status 0.4.2, which was
generated by GNU Autoconf 2.69.  Invocation command line was

  CONFIG_FILES    = 
  CONFIG_HEADERS  = 
  CONFIG_LINKS    = 
  CONFIG_COMMANDS = 
  $ ./config.status 

on alarm

config.status:1128: creating Makefile
config.status:1128: creating src/Makefile
config.status:1128: creating config.h
config.status:1309: config.h is unchanged
config.status:1357: executing depfiles commands
config.status:1357: executing libtool commands

## ---------------- ##
## Cache variables. ##
## ---------------- ##

ac_cv_build=armv7l-unknown-linux-gnueabihf
ac_cv_c_compiler_gnu=yes
ac_cv_env_CC_set=
ac_cv_env_CC_value=
ac_cv_env_CFLAGS_set=
ac_cv_env_CFLAGS_value=
ac_cv_env_CPPFLAGS_set=
ac_cv_env_CPPFLAGS_value=
ac_cv_env_CPP_set=
ac_cv_env_CPP_value=
ac_cv_env_LDFLAGS_set=
ac_cv_env_LDFLAGS_value=
ac_cv_env_LIBS_set=
ac_cv_env_LIBS_value=
ac_cv_env_PCIACCESS_CFLAGS_set=
ac_cv_env_PCIACCESS_CFLAGS_value=
ac_cv_env_PCIACCESS_LIBS_set=
ac_cv_env_PCIACCESS_LIBS_value=
ac_cv_env_PKG_CONFIG_LIBDIR_set=
ac_cv_env_PKG_CONFIG_LIBDIR_value=
ac_cv_env_PKG_CONFIG_PATH_set=
ac_cv_env_PKG_CONFIG_PATH_value=
ac_cv_env_PKG_CONFIG_set=
ac_cv_env_PKG_CONFIG_value=
ac_cv_env_XORG_CFLAGS_set=
ac_cv_env_XORG_CFLAGS_value=
ac_cv_env_XORG_LIBS_set=
ac_cv_env_XORG_LIBS_value=
ac_cv_env_build_alias_set=
ac_cv_env_build_alias_value=
ac_cv_env_host_alias_set=
ac_cv_env_host_alias_value=
ac_cv_env_target_alias_set=
ac_cv_env_target_alias_value=
ac_cv_have_decl___INTEL_COMPILER=no
ac_cv_have_decl___SUNPRO_C=no
ac_cv_have_decl___clang__=no
ac_cv_have_decl_xf86ConfigIsaEntity=no
ac_cv_header_dlfcn_h=yes
ac_cv_header_inttypes_h=yes
ac_cv_header_memory_h=yes
ac_cv_header_stdc=yes
ac_cv_header_stdint_h=yes
ac_cv_header_stdlib_h=yes
ac_cv_header_string_h=yes
ac_cv_header_strings_h=yes
ac_cv_header_sys_stat_h=yes
ac_cv_header_sys_types_h=yes
ac_cv_header_unistd_h=yes
ac_cv_host=armv7l-unknown-linux-gnueabihf
ac_cv_objext=o
ac_cv_path_EGREP='/usr/bin/grep -E'
ac_cv_path_FGREP='/usr/bin/grep -F'
ac_cv_path_GREP=/usr/bin/grep
ac_cv_path_SED=/usr/bin/sed
ac_cv_path_ac_pt_PKG_CONFIG=/usr/bin/pkg-config
ac_cv_path_install='/usr/bin/install -c'
ac_cv_path_mkdir=/usr/bin/mkdir
ac_cv_prog_AWK=gawk
ac_cv_prog_CPP='gcc -std=gnu99 -E'
ac_cv_prog_ac_ct_AR=ar
ac_cv_prog_ac_ct_CC=gcc
ac_cv_prog_ac_ct_OBJDUMP=objdump
ac_cv_prog_ac_ct_RANLIB=ranlib
ac_cv_prog_ac_ct_STRIP=strip
ac_cv_prog_cc_c89=
ac_cv_prog_cc_c99=-std=gnu99
ac_cv_prog_cc_g=yes
ac_cv_prog_make_make_set=yes
am_cv_CC_dependencies_compiler_type=gcc3
am_cv_make_support_nested_variables=yes
am_cv_prog_cc_c_o=yes
lt_cv_ar_at_file=@
lt_cv_archive_cmds_need_lc=no
lt_cv_deplibs_check_method=pass_all
lt_cv_file_magic_cmd='$MAGIC_CMD'
lt_cv_file_magic_test_file=
lt_cv_ld_reload_flag=-r
lt_cv_nm_interface='BSD nm'
lt_cv_objdir=.libs
lt_cv_path_LD=/usr/bin/ld
lt_cv_path_NM='/usr/bin/nm -B'
lt_cv_path_mainfest_tool=no
lt_cv_prog_compiler_c_o=yes
lt_cv_prog_compiler_pic='-fPIC -DPIC'
lt_cv_prog_compiler_pic_works=yes
lt_cv_prog_compiler_rtti_exceptions=no
lt_cv_prog_compiler_static_works=yes
lt_cv_prog_gnu_ld=yes
lt_cv_sharedlib_from_linklib_cmd='printf %s\n'
lt_cv_shlibpath_overrides_runpath=no
lt_cv_sys_global_symbol_pipe='sed -n -e '\''s/^.*[	 ]\([ABCDGIRSTW][ABCDGIRSTW]*\)[	 ][	 ]*\([_A-Za-z][_A-Za-z0-9]*\)$/\1 \2 \2/p'\'' | sed '\''/ __gnu_lto/d'\'''
lt_cv_sys_global_symbol_to_c_name_address='sed -n -e '\''s/^: \([^ ]*\)[ ]*$/  {\"\1\", (void *) 0},/p'\'' -e '\''s/^[ABCDGIRSTW]* \([^ ]*\) \([^ ]*\)$/  {"\2", (void *) \&\2},/p'\'''
lt_cv_sys_global_symbol_to_c_name_address_lib_prefix='sed -n -e '\''s/^: \([^ ]*\)[ ]*$/  {\"\1\", (void *) 0},/p'\'' -e '\''s/^[ABCDGIRSTW]* \([^ ]*\) \(lib[^ ]*\)$/  {"\2", (void *) \&\2},/p'\'' -e '\''s/^[ABCDGIRSTW]* \([^ ]*\) \([^ ]*\)$/  {"lib\2", (void *) \&\2},/p'\'''
lt_cv_sys_global_symbol_to_cdecl='sed -n -e '\''s/^T .* \(.*\)$/extern int \1();/p'\'' -e '\''s/^[ABCDGIRSTW]* .* \(.*\)$/extern char \1;/p'\'''
lt_cv_sys_max_cmd_len=1572864
lt_cv_to_host_file_cmd=func_convert_file_noop
lt_cv_to_tool_file_cmd=func_convert_file_noop
pkg_cv_XORG_CFLAGS='-fvisibility=hidden -I/usr/include/xorg -I/usr/include/pixman-1 -I/usr/include/X11/dri -I/usr/include/libdrm '
pkg_cv_XORG_LIBS=
xorg_cv_cc_flag__Wall=yes
xorg_cv_cc_flag__Wbad_function_cast=yes
xorg_cv_cc_flag__Wcast_qual=yes
xorg_cv_cc_flag__Wdeclaration_after_statement=yes
xorg_cv_cc_flag__Werror=yes
xorg_cv_cc_flag__Werror_address=yes
xorg_cv_cc_flag__Werror_array_bounds=yes
xorg_cv_cc_flag__Werror_attributes=yes
xorg_cv_cc_flag__Werror_implicit=yes
xorg_cv_cc_flag__Werror_init_self=yes
xorg_cv_cc_flag__Werror_int_to_pointer_cast=yes
xorg_cv_cc_flag__Werror_main=yes
xorg_cv_cc_flag__Werror_missing_braces=yes
xorg_cv_cc_flag__Werror_nonnull=yes
xorg_cv_cc_flag__Werror_pointer_to_int_cast=yes
xorg_cv_cc_flag__Werror_return_type=yes
xorg_cv_cc_flag__Werror_sequence_point=yes
xorg_cv_cc_flag__Werror_trigraphs=yes
xorg_cv_cc_flag__Werror_write_strings=yes
xorg_cv_cc_flag__Wformat_2=yes
xorg_cv_cc_flag__Wmissing_declarations=yes
xorg_cv_cc_flag__Wmissing_format_attribute=yes
xorg_cv_cc_flag__Wmissing_noreturn=yes
xorg_cv_cc_flag__Wmissing_prototypes=yes
xorg_cv_cc_flag__Wnested_externs=yes
xorg_cv_cc_flag__Wold_style_definition=yes
xorg_cv_cc_flag__Wpointer_arith=yes
xorg_cv_cc_flag__Wredundant_decls=yes
xorg_cv_cc_flag__Wshadow=yes
xorg_cv_cc_flag__Wstrict_prototypes=yes
xorg_cv_cc_flag__Wuninitialized=yes
xorg_cv_cc_flag__Wunused=yes
xorg_cv_cc_flag__pedantic=yes
xorg_cv_cc_flag_unknown_warning_option=no
xorg_cv_cc_flag_unused_command_line_argument=no

## ----------------- ##
## Output variables. ##
## ----------------- ##

ACLOCAL='${SHELL} /var/build/xf86mali/xf86-video-mali-0.0.1/missing aclocal-1.14'
ADMIN_MAN_DIR='$(mandir)/man$(ADMIN_MAN_SUFFIX)'
ADMIN_MAN_SUFFIX='8'
AMDEPBACKSLASH='\'
AMDEP_FALSE='#'
AMDEP_TRUE=''
AMTAR='$${TAR-tar}'
AM_BACKSLASH='\'
AM_DEFAULT_V='$(AM_DEFAULT_VERBOSITY)'
AM_DEFAULT_VERBOSITY='0'
AM_V='$(V)'
APP_MAN_DIR='$(mandir)/man$(APP_MAN_SUFFIX)'
APP_MAN_SUFFIX='1'
AR='ar'
AUTOCONF='${SHELL} /var/build/xf86mali/xf86-video-mali-0.0.1/missing autoconf'
AUTOHEADER='${SHELL} /var/build/xf86mali/xf86-video-mali-0.0.1/missing autoheader'
AUTOMAKE='${SHELL} /var/build/xf86mali/xf86-video-mali-0.0.1/missing automake-1.14'
AWK='gawk'
BASE_CFLAGS=' -Wall -Wpointer-arith -Wmissing-declarations -Wformat=2 -Wstrict-prototypes -Wmissing-prototypes -Wnested-externs -Wbad-function-cast -Wold-style-definition -Wdeclaration-after-statement -Wunused -Wuninitialized -Wshadow -Wcast-qual -Wmissing-noreturn -Wmissing-format-attribute -Wredundant-decls -Werror=implicit -Werror=nonnull -Werror=init-self -Werror=main -Werror=missing-braces -Werror=sequence-point -Werror=return-type -Werror=trigraphs -Werror=array-bounds -Werror=write-strings -Werror=address -Werror=int-to-pointer-cast -Werror=pointer-to-int-cast'
CC='gcc -std=gnu99'
CCDEPMODE='depmode=gcc3'
CFLAGS='-g -O2'
CHANGELOG_CMD='(GIT_DIR=$(top_srcdir)/.git git log > $(top_srcdir)/.changelog.tmp && mv $(top_srcdir)/.changelog.tmp $(top_srcdir)/ChangeLog) || (rm -f $(top_srcdir)/.changelog.tmp; touch $(top_srcdir)/ChangeLog; echo '\''git directory not found: installing possibly empty changelog.'\'' >&2)'
CPP='gcc -std=gnu99 -E'
CPPFLAGS=''
CWARNFLAGS=' -Wall -Wpointer-arith -Wmissing-declarations -Wformat=2 -Wstrict-prototypes -Wmissing-prototypes -Wnested-externs -Wbad-function-cast -Wold-style-definition -Wdeclaration-after-statement -Wunused -Wuninitialized -Wshadow -Wcast-qual -Wmissing-noreturn -Wmissing-format-attribute -Wredundant-decls -Werror=implicit -Werror=nonnull -Werror=init-self -Werror=main -Werror=missing-braces -Werror=sequence-point -Werror=return-type -Werror=trigraphs -Werror=array-bounds -Werror=write-strings -Werror=address -Werror=int-to-pointer-cast -Werror=pointer-to-int-cast -fno-strict-aliasing'
CYGPATH_W='echo'
DEFS='-DHAVE_CONFIG_H'
DEPDIR='.deps'
DLLTOOL='false'
DRIVER_MAN_DIR='$(mandir)/man$(DRIVER_MAN_SUFFIX)'
DRIVER_MAN_SUFFIX='4'
DRIVER_NAME='mali'
DSYMUTIL=''
DUMPBIN=''
ECHO_C=''
ECHO_N='-n'
ECHO_T=''
EGREP='/usr/bin/grep -E'
EXEEXT=''
FGREP='/usr/bin/grep -F'
FILE_MAN_DIR='$(mandir)/man$(FILE_MAN_SUFFIX)'
FILE_MAN_SUFFIX='5'
GREP='/usr/bin/grep'
INSTALL_CMD='(cp -f /usr/share/util-macros/INSTALL $(top_srcdir)/.INSTALL.tmp && mv $(top_srcdir)/.INSTALL.tmp $(top_srcdir)/INSTALL) || (rm -f $(top_srcdir)/.INSTALL.tmp; touch $(top_srcdir)/INSTALL; echo '\''util-macros "pkgdatadir" from xorg-macros.pc not found: installing possibly empty INSTALL.'\'' >&2)'
INSTALL_DATA='${INSTALL} -m 644'
INSTALL_PROGRAM='${INSTALL}'
INSTALL_SCRIPT='${INSTALL}'
INSTALL_STRIP_PROGRAM='$(install_sh) -c -s'
LD='/usr/bin/ld'
LDFLAGS=''
LIBOBJS=''
LIBS=''
LIBTOOL='$(SHELL) $(top_builddir)/libtool'
LIB_MAN_DIR='$(mandir)/man$(LIB_MAN_SUFFIX)'
LIB_MAN_SUFFIX='3'
LIPO=''
LN_S='ln -s'
LTLIBOBJS=''
MAINT='#'
MAINTAINER_MODE_FALSE=''
MAINTAINER_MODE_TRUE='#'
MAKEINFO='${SHELL} /var/build/xf86mali/xf86-video-mali-0.0.1/missing makeinfo'
MANIFEST_TOOL=':'
MAN_SUBSTS='	-e '\''s|__vendorversion__|"$(PACKAGE_STRING)" "$(XORG_MAN_PAGE)"|'\'' 	-e '\''s|__xorgversion__|"$(PACKAGE_STRING)" "$(XORG_MAN_PAGE)"|'\'' 	-e '\''s|__xservername__|Xorg|g'\'' 	-e '\''s|__xconfigfile__|xorg.conf|g'\'' 	-e '\''s|__projectroot__|$(prefix)|g'\'' 	-e '\''s|__apploaddir__|$(appdefaultdir)|g'\'' 	-e '\''s|__appmansuffix__|$(APP_MAN_SUFFIX)|g'\'' 	-e '\''s|__drivermansuffix__|$(DRIVER_MAN_SUFFIX)|g'\'' 	-e '\''s|__adminmansuffix__|$(ADMIN_MAN_SUFFIX)|g'\'' 	-e '\''s|__libmansuffix__|$(LIB_MAN_SUFFIX)|g'\'' 	-e '\''s|__miscmansuffix__|$(MISC_MAN_SUFFIX)|g'\'' 	-e '\''s|__filemansuffix__|$(FILE_MAN_SUFFIX)|g'\'''
MISC_MAN_DIR='$(mandir)/man$(MISC_MAN_SUFFIX)'
MISC_MAN_SUFFIX='7'
MKDIR_P='/usr/bin/mkdir -p'
NM='/usr/bin/nm -B'
NMEDIT=''
OBJDUMP='objdump'
OBJEXT='o'
OTOOL64=''
OTOOL=''
PACKAGE='xf86-video-mali'
PACKAGE_BUGREPORT='https://bugs.freedesktop.org/enter_bug.cgi?product=xorg'
PACKAGE_NAME='xf86-video-mali'
PACKAGE_STRING='xf86-video-mali 0.4.2'
PACKAGE_TARNAME='xf86-video-mali'
PACKAGE_URL=''
PACKAGE_VERSION='0.4.2'
PATH_SEPARATOR=':'
PCIACCESS_CFLAGS=''
PCIACCESS_FALSE=''
PCIACCESS_LIBS=''
PCIACCESS_TRUE='#'
PKG_CONFIG='/usr/bin/pkg-config'
PKG_CONFIG_LIBDIR=''
PKG_CONFIG_PATH=''
RANLIB='ranlib'
SED='/usr/bin/sed'
SET_MAKE=''
SHELL='/bin/sh'
STRICT_CFLAGS=' -pedantic -Werror -Werror=attributes'
STRIP='strip'
VERSION='0.4.2'
XORG_CFLAGS='-fvisibility=hidden -I/usr/include/xorg -I/usr/include/pixman-1 -I/usr/include/X11/dri -I/usr/include/libdrm '
XORG_LIBS=''
XORG_MAN_PAGE='X Version 11'
ac_ct_AR='ar'
ac_ct_CC='gcc'
ac_ct_DUMPBIN=''
am__EXEEXT_FALSE=''
am__EXEEXT_TRUE='#'
am__fastdepCC_FALSE='#'
am__fastdepCC_TRUE=''
am__include='include'
am__isrc=''
am__leading_dot='.'
am__nodep='_no'
am__quote=''
am__tar='$${TAR-tar} chof - "$$tardir"'
am__untar='$${TAR-tar} xf -'
bindir='${exec_prefix}/bin'
build='armv7l-unknown-linux-gnueabihf'
build_alias=''
build_cpu='armv7l'
build_os='linux-gnueabihf'
build_vendor='unknown'
datadir='${datarootdir}'
datarootdir='${prefix}/share'
docdir='${datarootdir}/doc/${PACKAGE_TARNAME}'
dvidir='${docdir}'
exec_prefix='${prefix}'
host='armv7l-unknown-linux-gnueabihf'
host_alias=''
host_cpu='armv7l'
host_os='linux-gnueabihf'
host_vendor='unknown'
htmldir='${docdir}'
includedir='${prefix}/include'
infodir='${datarootdir}/info'
install_sh='${SHELL} /var/build/xf86mali/xf86-video-mali-0.0.1/install-sh'
libdir='${exec_prefix}/lib'
libexecdir='${exec_prefix}/libexec'
localedir='${datarootdir}/locale'
localstatedir='${prefix}/var'
mandir='${datarootdir}/man'
mkdir_p='$(MKDIR_P)'
moduledir='${exec_prefix}/lib/xorg/modules'
oldincludedir='/usr/include'
pdfdir='${docdir}'
prefix='/usr'
program_transform_name='s,x,x,'
psdir='${docdir}'
sbindir='${exec_prefix}/sbin'
sharedstatedir='${prefix}/com'
sysconfdir='${prefix}/etc'
target_alias=''

## ----------- ##
## confdefs.h. ##
## ----------- ##

/* confdefs.h */
#define PACKAGE_NAME "xf86-video-mali"
#define PACKAGE_TARNAME "xf86-video-mali"
#define PACKAGE_VERSION "0.4.2"
#define PACKAGE_STRING "xf86-video-mali 0.4.2"
#define PACKAGE_BUGREPORT "https://bugs.freedesktop.org/enter_bug.cgi?product=xorg"
#define PACKAGE_URL ""
#define PACKAGE "xf86-video-mali"
#define VERSION "0.4.2"
#define STDC_HEADERS 1
#define HAVE_SYS_TYPES_H 1
#define HAVE_SYS_STAT_H 1
#define HAVE_STDLIB_H 1
#define HAVE_STRING_H 1
#define HAVE_MEMORY_H 1
#define HAVE_STRINGS_H 1
#define HAVE_INTTYPES_H 1
#define HAVE_STDINT_H 1
#define HAVE_UNISTD_H 1
#define PACKAGE_VERSION_MAJOR 0
#define PACKAGE_VERSION_MINOR 4
#define PACKAGE_VERSION_PATCHLEVEL 2
#define HAVE_DLFCN_H 1
#define LT_OBJDIR ".libs/"

configure: exit 0
